<?xml version="1.0" encoding="UTF-8"?>
<!-- Generated by org.testng.reporters.JUnitXMLReporter -->
<testsuite hostname="LTMX-3KX7NN3" name="Default test" tests="3" failures="0" timestamp="14 Oct 2022 20:11:50 GMT" time="38.722" errors="0">
  <testcase name="test1" time="14.008" classname="hexaware.seleniumcourse.App"/>
  <testcase name="test2" time="6.745" classname="hexaware.seleniumcourse.App"/>
  <testcase name="test3" time="10.241" classname="hexaware.seleniumcourse.App"/>
</testsuite> <!-- Default test -->
