<?xml version="1.0" encoding="UTF-8"?>
<!-- Generated by org.testng.reporters.JUnitXMLReporter -->
<testsuite hostname="LTMX-3KX7NN3" name="Default test" tests="8" failures="0" timestamp="24 Oct 2022 20:35:00 GMT" time="139.756" errors="0">
  <testcase name="test1" time="13.678" classname="hexaware.seleniumcourse.App"/>
  <testcase name="test2" time="9.955" classname="hexaware.seleniumcourse.App"/>
  <testcase name="test3" time="27.705" classname="hexaware.seleniumcourse.App"/>
  <testcase name="test4" time="11.697" classname="hexaware.seleniumcourse.App"/>
  <testcase name="test5" time="7.701" classname="hexaware.seleniumcourse.App"/>
  <testcase name="test6" time="30.759" classname="hexaware.seleniumcourse.App"/>
  <testcase name="test7" time="7.389" classname="hexaware.seleniumcourse.App"/>
  <testcase name="test8" time="17.96" classname="hexaware.seleniumcourse.App"/>
</testsuite> <!-- Default test -->
