<?xml version="1.0" encoding="UTF-8"?>
<testng-results skipped="0" failed="0" total="1" passed="1">
  <reporter-output>
  </reporter-output>
  <suite name="Default suite" duration-ms="19339" started-at="2022-10-13T14:15:43Z" finished-at="2022-10-13T14:16:03Z">
    <groups>
    </groups>
    <test name="Default test" duration-ms="19339" started-at="2022-10-13T14:15:43Z" finished-at="2022-10-13T14:16:03Z">
      <class name="hexaware.seleniumcourse.App">
        <test-method status="PASS" signature="setup()[pri:0, instance:hexaware.seleniumcourse.App@5b464ce8]" name="setup" is-config="true" duration-ms="3" started-at="2022-10-13T09:15:43Z" finished-at="2022-10-13T09:15:43Z">
          <reporter-output>
          </reporter-output>
        </test-method> <!-- setup -->
        <test-method status="PASS" signature="test1()[pri:0, instance:hexaware.seleniumcourse.App@5b464ce8]" name="test1" duration-ms="19325" started-at="2022-10-13T09:15:43Z" finished-at="2022-10-13T09:16:03Z">
          <reporter-output>
          </reporter-output>
        </test-method> <!-- test1 -->
        <test-method status="FAIL" signature="exit(org.openqa.selenium.WebDriver)[pri:0, instance:hexaware.seleniumcourse.App@5b464ce8]" name="exit" is-config="true" duration-ms="0" started-at="2022-10-13T09:16:03Z" finished-at="2022-10-13T09:16:03Z">
          <exception class="org.testng.TestNGException">
            <message>
              <![CDATA[
Method exit requires 1 parameters but 0 were supplied in the @Configuration annotation.]]>
            </message>
            <full-stacktrace>
              <![CDATA[org.testng.TestNGException: 
Method exit requires 1 parameters but 0 were supplied in the @Configuration annotation.
	at org.testng.internal.Parameters.checkParameterTypes(Parameters.java:202)
	at org.testng.internal.Parameters.createParameters(Parameters.java:138)
	at org.testng.internal.Parameters.createParameters(Parameters.java:387)
	at org.testng.internal.Parameters.createConfigurationParameters(Parameters.java:90)
	at org.testng.internal.Invoker.invokeConfigurations(Invoker.java:199)
	at org.testng.internal.Invoker.invokeConfigurations(Invoker.java:140)
	at org.testng.internal.TestMethodWorker.invokeAfterClassMethods(TestMethodWorker.java:220)
	at org.testng.internal.TestMethodWorker.run(TestMethodWorker.java:111)
	at org.testng.TestRunner.privateRun(TestRunner.java:771)
	at org.testng.TestRunner.run(TestRunner.java:621)
	at org.testng.SuiteRunner.runTest(SuiteRunner.java:357)
	at org.testng.SuiteRunner.runSequentially(SuiteRunner.java:352)
	at org.testng.SuiteRunner.privateRun(SuiteRunner.java:310)
	at org.testng.SuiteRunner.run(SuiteRunner.java:259)
	at org.testng.SuiteRunnerWorker.runSuite(SuiteRunnerWorker.java:52)
	at org.testng.SuiteRunnerWorker.run(SuiteRunnerWorker.java:86)
	at org.testng.TestNG.runSuitesSequentially(TestNG.java:1200)
	at org.testng.TestNG.runSuitesLocally(TestNG.java:1125)
	at org.testng.TestNG.run(TestNG.java:1033)
	at org.testng.remote.RemoteTestNG.run(RemoteTestNG.java:111)
	at org.testng.remote.RemoteTestNG.initAndRun(RemoteTestNG.java:204)
	at org.testng.remote.RemoteTestNG.main(RemoteTestNG.java:175)
]]>
            </full-stacktrace>
          </exception> <!-- org.testng.TestNGException -->
          <reporter-output>
          </reporter-output>
        </test-method> <!-- exit -->
      </class> <!-- hexaware.seleniumcourse.App -->
    </test> <!-- Default test -->
  </suite> <!-- Default suite -->
</testng-results>
