<?xml version="1.0" encoding="UTF-8"?>
<testng-results ignored="0" total="1" passed="1" failed="0" skipped="0">
  <reporter-output>
  </reporter-output>
  <suite started-at="2023-08-28T15:22:52 CST" name="Suite" finished-at="2023-08-28T15:23:06 CST" duration-ms="13485">
    <groups>
    </groups>
    <test started-at="2023-08-28T15:22:52 CST" name="Test" finished-at="2023-08-28T15:23:06 CST" duration-ms="13485">
      <class name="seleniumcourse.App">
        <test-method is-config="true" signature="setup()[pri:0, instance:seleniumcourse.App@6bca7e0d]" started-at="2023-08-28T15:22:52 CST" name="setup" finished-at="2023-08-28T15:22:59 CST" duration-ms="6511" status="PASS">
          <reporter-output>
          </reporter-output>
        </test-method> <!-- setup -->
        <test-method signature="test1()[pri:0, instance:seleniumcourse.App@6bca7e0d]" started-at="2023-08-28T15:22:59 CST" name="test1" finished-at="2023-08-28T15:23:05 CST" duration-ms="6810" status="PASS">
          <reporter-output>
          </reporter-output>
        </test-method> <!-- test1 -->
        <test-method is-config="true" signature="exit()[pri:0, instance:seleniumcourse.App@6bca7e0d]" started-at="2023-08-28T15:23:05 CST" name="exit" finished-at="2023-08-28T15:23:06 CST" duration-ms="131" status="PASS">
          <reporter-output>
          </reporter-output>
        </test-method> <!-- exit -->
      </class> <!-- seleniumcourse.App -->
    </test> <!-- Test -->
  </suite> <!-- Suite -->
</testng-results>
